Agent Group Id: 012X1W25000000000002
Agent Group Name: 3289f249da3e523
Agent Name: 3289f249da3e523
Agent Id: 012X1W08000000000002
Task Name: Drisshya_MultiTargetParameters
Task Type: MTT
Task Id: 012X1W0Z00000000000B
Run Id: 1
Service Id: 1836827
Started By: drisshya.sunil@gmail.com
Run Context Type: ICS_UI
04/04/2025 09:04:11 **** Importing Connection: Conn_012X1W0B000000000005 ...
04/04/2025 09:04:11 **** Importing Source Definition: Opportunity ...
04/04/2025 09:04:11 **** Importing Target Definition: HighProbabilityOpportunities_csv ...
04/04/2025 09:04:11 **** Importing Target Definition: LowProbabilityOpportunities_csv ...
04/04/2025 09:04:11 **** Importing SessionConfig: default_session_config ...
    <Warning> :  The Error Log DB Connection value should have Relational: as the prefix.
    <Warning> :  Invalid value  for attribute Error Log DB Connection. Will use the default value 
    Validating Source Definition  Opportunity...
    Validating Target Definition  LowProbabilityOpportunities_csv...
    Validating Target Definition  HighProbabilityOpportunities_csv...
04/04/2025 09:04:11 **** Importing Mapping: Mapping0 ...
Validating transformations of mapping Mapping0...
Validating mapping variable(s).
    <Warning> :  Invalid table attribute: Exec SQL
04/04/2025 09:04:11 **** Importing Workflow: wf_mtt_012X1W0Z00000000000B ...
    <Warning> :  Invalid value None for attribute Pushdown Optimization Context. Will use the default value None     [Session< s_mtt_012X1W0Z00000000000B > ] 
    <Warning> :  The value entered is not a valid integer.
    <Warning> :  Invalid value NO for attribute Fail task after wait time. Will use the default value 
[Summary for Application Source Qualifier SO_Salesforce]
     Is a new repartition point.
     Partition type changed from None to Pass Through.
Successfully extracted session instance [s_mtt_012X1W0Z00000000000B].  Starting repository sequence id is [1028608551]
======================================================================
PETL_24036 [2025-04-04 09:04:10.453] Beginning the prepare phase for the session.
TM_6721 [2025-04-04 09:04:10.453] Started [Connect to Repository].
TM_6722 [2025-04-04 09:04:10.777] Finished [Connect to Repository].  It took [0.323999] seconds.
TM_6721 [2025-04-04 09:04:10.777] Started [Fetch Session from Repository].
TM_6722 [2025-04-04 09:04:11.066] Finished [Fetch Session from Repository].  It took [0.289007] seconds.
VAR_27085 [2025-04-04 09:04:11.251] Parameter file [C:\Program Files\Informatica Cloud Secure Agent\apps\Data_Integration_Server\data\parameters\s_mtt_012X1W0Z00000000000B.param] is opened for [session [wf_mtt_012X1W0Z00000000000B.s_mtt_012X1W0Z00000000000B]].
VAR_27062 [2025-04-04 09:04:11.253] Warning! Cannot find section for worklet [wf_mtt_012X1W0Z00000000000B] and folder [] in parameter file [C:\Program Files\Informatica Cloud Secure Agent\apps\Data_Integration_Server\data\parameters\s_mtt_012X1W0Z00000000000B.param].
TM_6721 [2025-04-04 09:04:12.496] Started [Partition Group Formation].
TM_6722 [2025-04-04 09:04:12.497] Finished [Partition Group Formation].  It took [0.000999928] seconds.
PETL_24037 [2025-04-04 09:04:12.497] Finished the prepare phase for the session.
DIRECTOR> TM_6228 [2025-04-04 09:04:12.498] Writing session output to log file [C:\PROGRA~1\INFORM~1\apps\Data_Integration_Server\data\..\logs\s_mtt_1a9iiO2GKXtk7MQ6sUtosl_1.log].
DIRECTOR> VAR_27085 [2025-04-04 09:04:12.501] Parameter file [C:\Program Files\Informatica Cloud Secure Agent\apps\Data_Integration_Server\data\parameters\s_mtt_012X1W0Z00000000000B.param] is opened for [session [wf_mtt_012X1W0Z00000000000B.s_mtt_012X1W0Z00000000000B]].
DIRECTOR> VAR_27062 [2025-04-04 09:04:12.501] Warning! Cannot find section for worklet [wf_mtt_012X1W0Z00000000000B] and folder [] in parameter file [C:\Program Files\Informatica Cloud Secure Agent\apps\Data_Integration_Server\data\parameters\s_mtt_012X1W0Z00000000000B.param].
DIRECTOR> TM_6014 [2025-04-04 09:04:12.502] Initializing session [s_mtt_012X1W0Z00000000000B] at [Fri Apr 04 09:04:12 2025].
DIRECTOR> TM_6683 [2025-04-04 09:04:12.502] Repository Name: [XMLRepository]
DIRECTOR> TM_6684 [2025-04-04 09:04:12.502] Server Name: [rDTM]
DIRECTOR> TM_6686 [2025-04-04 09:04:12.502] Folder: []
DIRECTOR> TM_6685 [2025-04-04 09:04:12.502] Workflow: [wf_mtt_012X1W0Z00000000000B] Run Instance Name: [] Run Id: [0]
DIRECTOR> TM_6992 [2025-04-04 09:04:12.502] Operating System Type [NT]
DIRECTOR> TM_6101 [2025-04-04 09:04:12.502] Mapping name: Mapping0.
DIRECTOR> TM_6964 [2025-04-04 09:04:12.503] Date format for the Session is [MM/DD/YYYY HH24:MI:SS.US]
DIRECTOR> TM_6703 [2025-04-04 09:04:12.504] Session [s_mtt_012X1W0Z00000000000B] is run by 64-bit Integration Service  [], version [10.2.0 HotFix2], build [0321].
MANAGER> PETL_24091 [2025-04-04 09:04:14.655] Thread [MANAGER] has the ID [1].
MANAGER> PETL_24058 [2025-04-04 09:04:14.655] Running Partition Group [1].
MANAGER> PETL_24000 [2025-04-04 09:04:14.655] Parallel Pipeline Engine initializing.
MONITOR> PETL_24091 [2025-04-04 09:04:14.656] Thread [MONITOR] has the ID [2].
MANAGER> PETL_24001 [2025-04-04 09:04:14.656] Parallel Pipeline Engine running.
MANAGER> PETL_24003 [2025-04-04 09:04:14.656] Initializing session run.
MAPPING> PETL_24091 [2025-04-04 09:04:14.657] Thread [MAPPING] has the ID [3].
MAPPING> CMN_1569 [2025-04-04 09:04:14.683] Server Mode: [UNICODE]
MAPPING> CMN_1570 [2025-04-04 09:04:14.683] Server Code page: [MS Windows Latin 1 (ANSI), superset of Latin1]
MAPPING> TM_6151 [2025-04-04 09:04:14.683] The session sort order is [Binary].
MAPPING> TM_6185 [2025-04-04 09:04:14.683] Warning. Code page validation is disabled in this session.
MAPPING> CMN_65109 [2025-04-04 09:04:14.683] Current Timezone:[UTC +5:30]
MAPPING> CMN_65111 [2025-04-04 09:04:14.683] Current Process ID:[13676]
MAPPING> TM_6155 [2025-04-04 09:04:14.683] Using HIGH precision processing.
MAPPING> TM_6180 [2025-04-04 09:04:14.683] Deadlock retry logic will not be implemented.
MAPPING> TM_6187 [2025-04-04 09:04:14.683] Session target-based commit interval is [10000].
MAPPING> PMJVM_42020 [2025-04-04 09:04:14.916] [INFO] Loaded library : C:\PROGRA~1\INFORM~1\apps\AGENTC~1\.\..\..\jdk8\jre\bin\server\jvm.dll.
MAPPING> PMJVM_42009 [2025-04-04 09:04:15.079] [INFO] Created Java VM successfully.
MAPPING> SDKS_38029 [2025-04-04 09:04:18.522] Loaded plug-in 500100: [plugin description].
MAPPING> SDKS_38024 [2025-04-04 09:04:18.786] Plug-in 500100 initialization complete.
MAPPING> SDKS_38016 [2025-04-04 09:04:18.787] Reader SDK plug-in initialization complete.
MAPPING> TM_6307 [2025-04-04 09:04:18.787] DTM error log disabled. 
MAPPING> TE_7022 [2025-04-04 09:04:18.787] TShmWriter: Initialized
MAPPING> TM_6007 [2025-04-04 09:04:18.930] DTM initialized successfully for session [s_mtt_012X1W0Z00000000000B]
DIRECTOR> PETL_24033 [2025-04-04 09:04:18.930] All DTM Connection Info: [<NONE>].
MANAGER> PETL_24004 [2025-04-04 09:04:18.930] Starting pre-session tasks. : (Fri Apr 04 09:04:18 2025)
PRE-SESS> PETL_24091 [2025-04-04 09:04:18.932] Thread [PRE-SESS] has the ID [4].
MANAGER> PETL_24027 [2025-04-04 09:04:19.135] Pre-session task completed successfully. : (Fri Apr 04 09:04:19 2025)
DIRECTOR> PETL_24006 [2025-04-04 09:04:19.135] Starting data movement.
MAPPING> TM_6966 [2025-04-04 09:04:19.136] Reducing estimate of the amount of buffer pool memory required for high performance.
MAPPING> TM_6660 [2025-04-04 09:04:19.136] Total Buffer Pool size is 134277728 bytes and Block size is 8388608 bytes.
READER_1_1_1> PETL_24091 [2025-04-04 09:04:19.753] Thread [READER_1_1_1] has the ID [5].
READER_1_1_1> SalesforceConnection_10057 [2025-04-04 09:04:19.833] [INFO] No proxy information set.
READER_1_1_1> SalesforceConnection_10048 [2025-04-04 09:04:23.213] [INFO] Account[drisshya.sunil478@agentforce.com] logged on salesforce.com at [https://login.salesforce.com/services/Soap/u/60.0].
READER_1_1_1> SalesforceConnection_10147 [2025-04-04 09:04:23.213] [INFO] Logged on salesforce.com in [Standard] mode.
TRANSF_1_1_1> PETL_24091 [2025-04-04 09:04:23.236] Thread [TRANSF_1_1_1] has the ID [6].
WRITER_1_*_1> PETL_24091 [2025-04-04 09:04:23.237] Thread [WRITER_1_*_1] has the ID [7].
WRITER_1_*_1> TM_6708 [2025-04-04 09:04:23.250] Using configuration property [__PMOV_FFW_ESCAPE_QUOTE,Yes]
WRITER_1_*_1> WRT_8124 [2025-04-04 09:04:23.251] Target Table HighProbabilityOpportunities_csv :Writing output to: D:\IICS HANDSON\sources\HighProbabilityOpportunities.csv
WRITER_1_*_1> WRT_8222 [2025-04-04 09:04:23.251] Target file [D:\IICS HANDSON\sources\HighProbabilityOpportunities.csv] code page: [UTF-8 encoding of Unicode]
WRITER_1_*_1> TM_6708 [2025-04-04 09:04:23.255] Using configuration property [__PMOV_FFW_ESCAPE_QUOTE,Yes]
WRITER_1_*_1> WRT_8124 [2025-04-04 09:04:23.255] Target Table LowProbabilityOpportunities_csv :Writing output to: D:\IICS HANDSON\sources\LowProbabilityOpportunities.csv
WRITER_1_*_1> WRT_8222 [2025-04-04 09:04:23.255] Target file [D:\IICS HANDSON\sources\LowProbabilityOpportunities.csv] code page: [UTF-8 encoding of Unicode]
WRITER_1_*_1> WRT_8270 [2025-04-04 09:04:23.256] Target connection group #1 consists of target(s) [HighProbabilityOpportunities_csv]
WRITER_1_*_1> WRT_8270 [2025-04-04 09:04:23.256] Target connection group #2 consists of target(s) [LowProbabilityOpportunities_csv]
WRITER_1_*_1> WRT_8003 [2025-04-04 09:04:23.256] Writer initialization complete.
WRITER_1_*_1> WRT_8005 [2025-04-04 09:04:23.256] Writer run started.
WRITER_1_*_1> WRT_8158 [2025-04-04 09:04:23.256] 

*****START LOAD SESSION*****

Load Start Time: Fri Apr 04 09:04:22 2025

Target tables:

     HighProbabilityOpportunities_csv
     LowProbabilityOpportunities_csv


READER_1_1_1> SalesforceReader_10045 [2025-04-04 09:04:23.269] [INFO] SOQL is [SELECT Id ,IsDeleted ,AccountId ,IsPrivate ,Name ,Description ,StageName ,Amount ,Probability ,ExpectedRevenue ,TotalOpportunityQuantity ,CloseDate ,Type ,NextStep ,LeadSource ,IsClosed ,IsWon ,ForecastCategory ,ForecastCategoryName ,CampaignId ,HasOpportunityLineItem ,Pricebook2Id ,OwnerId ,CreatedDate ,CreatedById ,LastModifiedDate ,LastModifiedById ,SystemModstamp ,LastActivityDate ,FiscalQuarter ,FiscalYear ,Fiscal 
 FROM Opportunity].
READER_1_1_1> SalesforceReader_10143 [2025-04-04 09:04:23.859] [INFO] Total Expected Records from Salesforce is 39.   
TRANSF_1_1_1> DBG_21216 [2025-04-04 09:04:23.982] Finished transformations for Source Qualifier [SO_Salesforce]. Total errors [0] 
WRITER_1_*_1> WRT_8167 [2025-04-04 09:04:23.982] Start loading table [HighProbabilityOpportunities_csv] at: Fri Apr 04 09:04:23 2025
WRITER_1_*_1> WRT_8167 [2025-04-04 09:04:23.986] Start loading table [LowProbabilityOpportunities_csv] at: Fri Apr 04 09:04:23 2025
WRITER_1_*_1> WRT_8168 [2025-04-04 09:04:23.990] End loading table [HighProbabilityOpportunities_csv] at: Fri Apr 04 09:04:23 2025
WRITER_1_*_1> WRT_8168 [2025-04-04 09:04:23.993] End loading table [LowProbabilityOpportunities_csv] at: Fri Apr 04 09:04:23 2025
WRITER_1_*_1> WRT_8035 [2025-04-04 09:04:23.993] Load complete time: Fri Apr 04 09:04:23 2025

LOAD SUMMARY
============

WRT_8036 Target: HighProbabilityOpportunities_csv (Instance Name: [HighProbabilityOpportunities_csv])
WRT_8038 Inserted rows - Requested: 23         Applied: 23         Rejected: 0          Affected: 23        

WRT_8036 Target: LowProbabilityOpportunities_csv (Instance Name: [LowProbabilityOpportunities_csv])
WRT_8038 Inserted rows - Requested: 16         Applied: 16         Rejected: 0          Affected: 16        


WRITER_1_*_1> WRT_8043 [2025-04-04 09:04:23.993] *****END LOAD SESSION*****
WRITER_1_*_1> WRT_8006 [2025-04-04 09:04:23.993] Writer run completed.
MANAGER> PETL_24031 [2025-04-04 09:04:24.000] 
***** RUN INFO FOR TGT LOAD ORDER GROUP [1], CONCURRENT SET [1] *****
Thread [READER_1_1_1] created for [the read stage] of partition point [SO_Salesforce] has completed.
	Total Run Time = [0.713991] secs
	Total Idle Time = [0.000000] secs
	Busy Percentage = [100.000000]
Thread [TRANSF_1_1_1] created for [the transformation stage] of partition point [SO_Salesforce] has completed. The total run time was insufficient for any meaningful statistics.
Thread [WRITER_1_*_1] created for [the write stage] of partition point [HighProbabilityOpportunities_csv, LowProbabilityOpportunities_csv] has completed. The total run time was insufficient for any meaningful statistics.

MANAGER> PETL_24005 [2025-04-04 09:04:24.100] Starting post-session tasks. : (Fri Apr 04 09:04:24 2025)
POST-SESS> PETL_24091 [2025-04-04 09:04:24.101] Thread [POST-SESS] has the ID [8].
MANAGER> PETL_24029 [2025-04-04 09:04:24.176] Post-session task completed successfully. : (Fri Apr 04 09:04:24 2025)
MAPPING> SDKS_38025 [2025-04-04 09:04:24.177] Plug-in 500100 deinitialized and unloaded with status [0].
MAPPING> SDKS_38018 [2025-04-04 09:04:24.177] Reader SDK plug-ins deinitialized with status [0].
MAPPING> TM_6018 [2025-04-04 09:04:24.177] The session completed with [0] row transformation errors. 
MANAGER> PETL_24002 [2025-04-04 09:04:24.848] Parallel Pipeline Engine finished.
DIRECTOR> PETL_24012 [2025-04-04 09:04:24.912] Session run completed successfully.
DIRECTOR> TM_6022 [2025-04-04 09:04:24.912] 

SESSION LOAD SUMMARY
================================================

DIRECTOR> TM_6252 [2025-04-04 09:04:24.912] Source Load Summary.
DIRECTOR> CMN_1740 [2025-04-04 09:04:24.912] Table: [SO_Salesforce] (Instance Name: [SO_Salesforce] Instance UI Name: [SO_Salesforce])
	 Output Rows [39], Affected Rows [39], Applied Rows [39], Rejected Rows [0]
DIRECTOR> TM_6253 [2025-04-04 09:04:24.912] Target Load Summary.
DIRECTOR> CMN_1740 [2025-04-04 09:04:24.912] Table: [HighProbabilityOpportunities_csv] (Instance Name: [HighProbabilityOpportunities_csv] Instance UI Name: [TG_HighProbOpptys])
	 Output Rows [23], Affected Rows [23], Applied Rows [23], Rejected Rows [0]
DIRECTOR> CMN_1740 [2025-04-04 09:04:24.912] Table: [LowProbabilityOpportunities_csv] (Instance Name: [LowProbabilityOpportunities_csv] Instance UI Name: [TG_LowProbOpptys])
	 Output Rows [16], Affected Rows [16], Applied Rows [16], Rejected Rows [0]
DIRECTOR> TM_6023 [2025-04-04 09:04:24.912] 
===================================================

DIRECTOR> TM_6020 [2025-04-04 09:04:24.912] Session [s_mtt_012X1W0Z00000000000B] completed at [Fri Apr 04 09:04:24 2025].
