Agent Group Id: 012X1W25000000000002
Agent Group Name: 3289f249da3e523
Agent Name: 3289f249da3e523
Agent Id: 012X1W08000000000002
Task Name: Ex1_Replication_Opportunity
Task Type: DRS
Task Id: 012X1W0G000000000002
Run Id: 1
Service Id: 1836827
Started By: drisshya.sunil@gmail.com
Run Context Type: ICS_UI
04/03/2025 21:16:25 **** Importing Connection: SrcConn_012X1W0B000000000005 ...
04/03/2025 21:16:25 **** Importing Source Definition: Opportunity ...
04/03/2025 21:16:25 **** Importing Target Definition: REP_OPPORTUNITY_csv ...
04/03/2025 21:16:25 **** Importing SessionConfig: cfg_s_012X1W0G000000000002_Opportunity ...
    <Warning> :  The Error Log DB Connection value should have Relational: as the prefix.
    <Warning> :  Invalid value  for attribute Error Log DB Connection. Will use the default value 
    Validating Source Definition  Opportunity...
    Validating Target Definition  REP_OPPORTUNITY_csv...
04/03/2025 21:16:25 **** Importing Mapping: m_012X1W0G000000000002_Opportunity ...
Validating transformations of mapping m_012X1W0G000000000002_Opportunity...
Validating mapping variable(s).
    <Warning> :  Invalid table attribute: Exec SQL
04/03/2025 21:16:25 **** Importing Workflow: wf_dr_012X1W0G000000000002 ...
    <Warning> :  Invalid value None for attribute Pushdown Optimization Context. Will use the default value None     [Session< s_012X1W0G000000000002_Opportunity > ] 
    <Warning> :  The value entered is not a valid integer.
    <Warning> :  Invalid value NO for attribute Fail task after wait time. Will use the default value 
[Summary for Application Source Qualifier SQ_Opportunity]
     Is a new repartition point.
     Partition type changed from None to Pass Through.
Successfully extracted session instance [s_012X1W0G000000000002_Opportunity].  Starting repository sequence id is [1812684806]
======================================================================
DIRECTOR> VAR_27085 [2025-04-03 21:16:25.780] Parameter file [C:\Program Files\Informatica Cloud Secure Agent\apps\Data_Integration_Server\data\parameters\s_012X1W0G000000000002_Opportunity.param] is opened for [session [wf_dr_012X1W0G000000000002.s_012X1W0G000000000002_Opportunity]].
DIRECTOR> TM_6014 [2025-04-03 21:16:25.782] Initializing session [s_012X1W0G000000000002_Opportunity] at [Thu Apr 03 21:16:25 2025].
DIRECTOR> TM_6683 [2025-04-03 21:16:25.782] Repository Name: [XMLRepository]
DIRECTOR> TM_6684 [2025-04-03 21:16:25.782] Server Name: [rDTM]
DIRECTOR> TM_6686 [2025-04-03 21:16:25.782] Folder: []
DIRECTOR> TM_6685 [2025-04-03 21:16:25.782] Workflow: [wf_dr_012X1W0G000000000002] Run Instance Name: [] Run Id: [0]
DIRECTOR> TM_6992 [2025-04-03 21:16:25.782] Operating System Type [NT]
DIRECTOR> TM_6101 [2025-04-03 21:16:25.782] Mapping name: m_012X1W0G000000000002_Opportunity.
DIRECTOR> TM_6964 [2025-04-03 21:16:25.783] Date format for the Session is [MM/DD/YYYY HH24:MI:SS]
DIRECTOR> TM_6703 [2025-04-03 21:16:25.783] Session [s_012X1W0G000000000002_Opportunity] is run by 64-bit Integration Service  [], version [10.2.0 HotFix2], build [0321].
MANAGER> PETL_24091 [2025-04-03 21:16:27.900] Thread [MANAGER] has the ID [1].
MANAGER> PETL_24058 [2025-04-03 21:16:27.900] Running Partition Group [1].
MANAGER> PETL_24000 [2025-04-03 21:16:27.900] Parallel Pipeline Engine initializing.
MONITOR> PETL_24091 [2025-04-03 21:16:27.901] Thread [MONITOR] has the ID [2].
MANAGER> PETL_24001 [2025-04-03 21:16:27.901] Parallel Pipeline Engine running.
MANAGER> PETL_24003 [2025-04-03 21:16:27.901] Initializing session run.
MAPPING> PETL_24091 [2025-04-03 21:16:27.902] Thread [MAPPING] has the ID [3].
MAPPING> CMN_1569 [2025-04-03 21:16:27.904] Server Mode: [UNICODE]
MAPPING> CMN_1570 [2025-04-03 21:16:27.904] Server Code page: [MS Windows Latin 1 (ANSI), superset of Latin1]
MAPPING> TM_6151 [2025-04-03 21:16:27.904] The session sort order is [Binary].
MAPPING> TM_6185 [2025-04-03 21:16:27.904] Warning. Code page validation is disabled in this session.
MAPPING> CMN_65109 [2025-04-03 21:16:27.904] Current Timezone:[UTC +5:30]
MAPPING> CMN_65111 [2025-04-03 21:16:27.904] Current Process ID:[12888]
MAPPING> TM_6155 [2025-04-03 21:16:27.904] Using HIGH precision processing.
MAPPING> TM_6180 [2025-04-03 21:16:27.904] Deadlock retry logic will not be implemented.
MAPPING> TM_6181 [2025-04-03 21:16:27.904] Session source-based commit interval is [5000].
MAPPING> PMJVM_42020 [2025-04-03 21:16:27.911] [INFO] Loaded library : C:\PROGRA~1\INFORM~1\apps\AGENTC~1\.\..\..\jdk8\jre\bin\server\jvm.dll.
MAPPING> PMJVM_42009 [2025-04-03 21:16:27.981] [INFO] Created Java VM successfully.
MAPPING> SDKS_38029 [2025-04-03 21:16:28.078] Loaded plug-in 500100: [plugin description].
MAPPING> SDKS_38024 [2025-04-03 21:16:28.155] Plug-in 500100 initialization complete.
MAPPING> SDKS_38016 [2025-04-03 21:16:28.155] Reader SDK plug-in initialization complete.
MAPPING> TM_6307 [2025-04-03 21:16:28.155] DTM error log disabled. 
MAPPING> TE_7022 [2025-04-03 21:16:28.155] TShmWriter: Initialized
MAPPING> DBG_21491 [2025-04-03 21:16:28.205] Source-based commit interval based on rows from Source Qualifier [SQ_Opportunity]
MAPPING> DBG_21244 [2025-04-03 21:16:28.205] Initializing Load Order Group [1]. Source Qualifier is [SQ_Opportunity]
MAPPING> TE_7118 [2025-04-03 21:16:28.206] ZL Engine is activated.
MAPPING> TM_6007 [2025-04-03 21:16:28.206] DTM initialized successfully for session [s_012X1W0G000000000002_Opportunity]
DIRECTOR> PETL_24033 [2025-04-03 21:16:28.206] All DTM Connection Info: [<NONE>].
MANAGER> PETL_24004 [2025-04-03 21:16:28.206] Starting pre-session tasks. : (Thu Apr 03 21:16:28 2025)
PRE-SESS> PETL_24091 [2025-04-03 21:16:28.207] Thread [PRE-SESS] has the ID [4].
MANAGER> PETL_24027 [2025-04-03 21:16:28.279] Pre-session task completed successfully. : (Thu Apr 03 21:16:28 2025)
DIRECTOR> PETL_24006 [2025-04-03 21:16:28.279] Starting data movement.
MAPPING> TM_6966 [2025-04-03 21:16:28.279] Reducing estimate of the amount of buffer pool memory required for high performance.
MAPPING> TM_6660 [2025-04-03 21:16:28.279] Total Buffer Pool size is 83926080 bytes and Block size is 8388608 bytes.
READER_1_1_1> PETL_24091 [2025-04-03 21:16:28.774] Thread [READER_1_1_1] has the ID [5].
READER_1_1_1> SalesforceConnection_10057 [2025-04-03 21:16:28.828] [INFO] No proxy information set.
READER_1_1_1> SalesforceConnection_10048 [2025-04-03 21:16:31.491] [INFO] Account[drisshya.sunil478@agentforce.com] logged on salesforce.com at [https://login.salesforce.com/services/Soap/u/60.0].
READER_1_1_1> SalesforceConnection_10147 [2025-04-03 21:16:31.492] [INFO] Logged on salesforce.com in [Standard] mode.
TRANSF_1_1_1> PETL_24091 [2025-04-03 21:16:31.506] Thread [TRANSF_1_1_1] has the ID [6].
WRITER_1_*_1> PETL_24091 [2025-04-03 21:16:31.507] Thread [WRITER_1_*_1] has the ID [7].
WRITER_1_*_1> WRT_8397 [2025-04-03 21:16:31.508] Appending output data to file [C:\PROGRA~1\INFORM~1\apps\Data_Integration_Server\data\error\output1.bad] (initial size [1005]).
WRITER_1_*_1> TM_6708 [2025-04-03 21:16:31.508] Using configuration property [__PMOV_FFW_ESCAPE_QUOTE,Yes]
WRITER_1_*_1> WRT_8124 [2025-04-03 21:16:31.509] Target Table REP_OPPORTUNITY_csv :Writing output to: D:\IICS HANDSON\sources\REP_OPPORTUNITY.csv
WRITER_1_*_1> WRT_8222 [2025-04-03 21:16:31.509] Target file [D:\IICS HANDSON\sources\REP_OPPORTUNITY.csv] code page: [UTF-8 encoding of Unicode]
WRITER_1_*_1> WRT_8270 [2025-04-03 21:16:31.511] Target connection group #1 consists of target(s) [REP_OPPORTUNITY_csv]
WRITER_1_*_1> WRT_8324 [2025-04-03 21:16:31.511] Warning: Target Connection Group's connection doesn't support transactions. Targets [REP_OPPORTUNITY_csv] may not be loaded according to specified transaction boundary rules!
WRITER_1_*_1> WRT_8003 [2025-04-03 21:16:31.511] Writer initialization complete.
WRITER_1_*_1> WRT_8005 [2025-04-03 21:16:31.512] Writer run started.
WRITER_1_*_1> WRT_8158 [2025-04-03 21:16:31.512] 

*****START LOAD SESSION*****

Load Start Time: Thu Apr 03 21:16:30 2025

Target tables:

     REP_OPPORTUNITY_csv


READER_1_1_1> SalesforceReader_10045 [2025-04-03 21:16:31.519] [INFO] SOQL is [SELECT Id ,IsDeleted ,AccountId ,IsPrivate ,Name ,Description ,StageName ,Amount ,Probability ,ExpectedRevenue ,TotalOpportunityQuantity ,CloseDate ,Type ,NextStep ,LeadSource ,IsClosed ,IsWon ,ForecastCategory ,ForecastCategoryName ,CampaignId ,HasOpportunityLineItem ,Pricebook2Id ,OwnerId ,CreatedDate ,CreatedById ,LastModifiedDate ,LastModifiedById ,SystemModstamp ,LastActivityDate ,PushCount ,LastStageChangeDate ,FiscalQuarter ,FiscalYear ,Fiscal ,ContactId ,LastViewedDate ,LastReferencedDate ,HasOpenActivity ,HasOverdueTask ,LastAmountChangedHistoryId ,LastCloseDateChangedHistoryId ,DeliveryInstallationStatus__c ,TrackingNumber__c ,OrderNumber__c ,CurrentGenerators__c ,MainCompetitors__c 
 FROM Opportunity].
READER_1_1_1> SalesforceReader_10143 [2025-04-03 21:16:32.632] [INFO] Total Expected Records from Salesforce is 32.   
TRANSF_1_1_1> DBG_21216 [2025-04-03 21:16:32.710] Finished transformations for Source Qualifier [SQ_Opportunity]. Total errors [0] 
WRITER_1_*_1> WRT_8167 [2025-04-03 21:16:32.710] Start loading table [REP_OPPORTUNITY_csv] at: Thu Apr 03 21:16:31 2025
WRITER_1_*_1> WRT_8168 [2025-04-03 21:16:32.713] End loading table [REP_OPPORTUNITY_csv] at: Thu Apr 03 21:16:31 2025
WRITER_1_*_1> WRT_8035 [2025-04-03 21:16:32.713] Load complete time: Thu Apr 03 21:16:31 2025

LOAD SUMMARY
============

WRT_8036 Target: REP_OPPORTUNITY_csv (Instance Name: [REP_OPPORTUNITY_csv])
WRT_8038 Inserted rows - Requested: 32         Applied: 32         Rejected: 0          Affected: 32        


WRITER_1_*_1> WRT_8043 [2025-04-03 21:16:32.713] *****END LOAD SESSION*****
WRITER_1_*_1> WRT_8006 [2025-04-03 21:16:32.714] Writer run completed.
MANAGER> PETL_24031 [2025-04-03 21:16:32.716] 
***** RUN INFO FOR TGT LOAD ORDER GROUP [1], CONCURRENT SET [1] *****
Thread [READER_1_1_1] created for [the read stage] of partition point [SQ_Opportunity] has completed.
	Total Run Time = [1.198256] secs
	Total Idle Time = [0.000000] secs
	Busy Percentage = [100.000000]
Thread [TRANSF_1_1_1] created for [the transformation stage] of partition point [SQ_Opportunity] has completed. The total run time was insufficient for any meaningful statistics.
Thread [WRITER_1_*_1] created for [the write stage] of partition point [REP_OPPORTUNITY_csv] has completed. The total run time was insufficient for any meaningful statistics.

MANAGER> PETL_24005 [2025-04-03 21:16:32.818] Starting post-session tasks. : (Thu Apr 03 21:16:32 2025)
POST-SESS> PETL_24091 [2025-04-03 21:16:32.819] Thread [POST-SESS] has the ID [8].
MANAGER> PETL_24029 [2025-04-03 21:16:32.894] Post-session task completed successfully. : (Thu Apr 03 21:16:32 2025)
MAPPING> SDKS_38025 [2025-04-03 21:16:32.894] Plug-in 500100 deinitialized and unloaded with status [0].
MAPPING> SDKS_38018 [2025-04-03 21:16:32.894] Reader SDK plug-ins deinitialized with status [0].
MAPPING> TM_6018 [2025-04-03 21:16:32.894] The session completed with [0] row transformation errors. 
MANAGER> PETL_24002 [2025-04-03 21:16:33.019] Parallel Pipeline Engine finished.
DIRECTOR> PETL_24012 [2025-04-03 21:16:33.082] Session run completed successfully.
DIRECTOR> VAR_27048 [2025-04-03 21:16:33.082] Persisting mapping variable values to the repository.
DIRECTOR> VAR_27049 [2025-04-03 21:16:33.082] Mapping variable name: [$$Filter_Opportunity], persisted value: [], run instance name [].
DIRECTOR> VAR_27049 [2025-04-03 21:16:33.082] Mapping variable name: [$$CDCStartTime_Opportunity], persisted value: [], run instance name [].
DIRECTOR> VAR_27049 [2025-04-03 21:16:33.082] Mapping variable name: [$$CDCEndTime_Opportunity], persisted value: [], run instance name [].
DIRECTOR> TM_6022 [2025-04-03 21:16:33.082] 

SESSION LOAD SUMMARY
================================================

DIRECTOR> TM_6252 [2025-04-03 21:16:33.082] Source Load Summary.
DIRECTOR> CMN_1740 [2025-04-03 21:16:33.082] Table: [SQ_Opportunity] (Instance Name: [SQ_Opportunity] Instance UI Name: [])
	 Output Rows [32], Affected Rows [32], Applied Rows [32], Rejected Rows [0]
DIRECTOR> TM_6253 [2025-04-03 21:16:33.082] Target Load Summary.
DIRECTOR> CMN_1740 [2025-04-03 21:16:33.082] Table: [REP_OPPORTUNITY_csv] (Instance Name: [REP_OPPORTUNITY_csv] Instance UI Name: [])
	 Output Rows [32], Affected Rows [32], Applied Rows [32], Rejected Rows [0]
DIRECTOR> TM_6023 [2025-04-03 21:16:33.082] 
===================================================

DIRECTOR> TM_6020 [2025-04-03 21:16:33.082] Session [s_012X1W0G000000000002_Opportunity] completed at [Thu Apr 03 21:16:33 2025].
